{"D:\\VS -code  git repo\\Blinkist-app\\src\\Components\\molecules\\Logo\\index.tsx": {"path":"D:\\VS -code  git repo\\Blinkist-app\\src\\Components\\molecules\\Logo\\index.tsx","statementMap":{"0":{"start":{"line":2,"column":22},"end":{"line":7,"column":1}},"1":{"start":{"line":3,"column":4},"end":{"line":5,"column":13}}},"fnMap":{"0":{"name":"(anonymous_0)","decl":{"start":{"line":2,"column":22},"end":{"line":2,"column":23}},"loc":{"start":{"line":2,"column":28},"end":{"line":7,"column":1}},"line":2}},"branchMap":{},"s":{"0":5,"1":3},"f":{"0":3},"b":{},"_coverageSchema":"1a1c01bbd47fc00a2c39e90264f33305004495a9","hash":"40aad673cea0b60727e7d9f32e6659879069f4e4"}
,"D:\\VS -code  git repo\\Blinkist-app\\src\\Components\\organisms\\Explorer\\index.tsx": {"path":"D:\\VS -code  git repo\\Blinkist-app\\src\\Components\\organisms\\Explorer\\index.tsx","statementMap":{"0":{"start":{"line":17,"column":18},"end":{"line":24,"column":3}},"1":{"start":{"line":17,"column":40},"end":{"line":24,"column":1}},"2":{"start":{"line":27,"column":17},"end":{"line":64,"column":2}},"3":{"start":{"line":66,"column":25},"end":{"line":169,"column":1}},"4":{"start":{"line":67,"column":20},"end":{"line":67,"column":30}},"5":{"start":{"line":68,"column":21},"end":{"line":68,"column":32}},"6":{"start":{"line":70,"column":16},"end":{"line":143,"column":5}},"7":{"start":{"line":145,"column":4},"end":{"line":168,"column":5}},"8":{"start":{"line":160,"column":24},"end":{"line":164,"column":34}}},"fnMap":{"0":{"name":"(anonymous_0)","decl":{"start":{"line":17,"column":29},"end":{"line":17,"column":30}},"loc":{"start":{"line":17,"column":40},"end":{"line":24,"column":1}},"line":17},"1":{"name":"(anonymous_1)","decl":{"start":{"line":66,"column":25},"end":{"line":66,"column":26}},"loc":{"start":{"line":66,"column":29},"end":{"line":169,"column":1}},"line":66},"2":{"name":"(anonymous_2)","decl":{"start":{"line":159,"column":30},"end":{"line":159,"column":31}},"loc":{"start":{"line":159,"column":42},"end":{"line":165,"column":21}},"line":159}},"branchMap":{},"s":{"0":3,"1":5,"2":3,"3":3,"4":6,"5":5,"6":5,"7":5,"8":90},"f":{"0":5,"1":6,"2":90},"b":{},"_coverageSchema":"1a1c01bbd47fc00a2c39e90264f33305004495a9","hash":"2b5ecec0522cac3903a25cc1e02ea36200c44f79"}
}
